Sender: LSF System <lsfadmin@gpu11>
Subject: Job 17237: <Pp_SpCp_Jv0> in cluster <cluster1> Exited

Job <Pp_SpCp_Jv0> was submitted from host <login01> by user <weiweiwu> in cluster <cluster1> at Fri Mar 19 06:22:45 2021
Job was executed on host(s) <gpu11>, in queue <gpu_v100>, as user <weiweiwu> in cluster <cluster1> at Fri Mar 19 06:22:47 2021
</seu_share/home/weiweiwu> was used as the home directory.
</seu_share/home/weiweiwu/uRTS_v2/sub_job/Jin_FG_v1> was used as the working directory.
Started at Fri Mar 19 06:22:47 2021
Terminated at Fri Mar 19 15:20:59 2021
Results reported at Fri Mar 19 15:20:59 2021

Your job looked like:

------------------------------------------------------------
# LSBATCH: User input
#!/bin/bash
#BSUB -J Pp_SpCp_Jv0
#BSUB -o %J.out
#BSUB -e %J.err
#BSUB -q gpu_v100
#BSUB -gpu "num=1:mode=exclusive_process:aff=yes"
JAVA_HOME=/seu_share/home/weiweiwu/wlocal/jdk/jdk-11.0.1
#JRE_HOME=${JAVA_HOME}/jre
CLASSPATH=.:${JAVA_HOME}/lib
PATH=$JAVA_HOME/bin:$PATH
PATH=/seu_share/home/weiweiwu/anaconda3/bin:$PATH
LD_LIBRARY_PATH=/seu_share/home/weiweiwu/anaconda3/lib:$LD_LIBRARY_PATH
export JAVA_HOME  CLASSPATH PATH 
cd ~/uRTS_v2
python3 test_jin.py  --algo ppo -lr 1e-5 --env-id  fullgame-v0 --render 0 --saving-prefix Pp_Sp_Jv0_ --ai1_socket Jin --ai2_socket Jin


------------------------------------------------------------

Exited with exit code 137.

Resource usage summary:

    CPU time :                                   37574.00 sec.
    Max Memory :                                 3884 MB
    Average Memory :                             3840.57 MB
    Total Requested Memory :                     -
    Delta Memory :                               -
    Max Swap :                                   -
    Max Processes :                              5
    Max Threads :                                70
    Run time :                                   32292 sec.
    Turnaround time :                            32294 sec.

The output (if any) follows:



PS:

Read file <17237.err> for stderr output of this job.

